<?xml version="1.0" encoding="UTF-8" standalone="yes"?><!DOCTYPE report PUBLIC "-//JACOCO//DTD Report 1.1//EN" "report.dtd"><report name="ch13-continuous"><sessioninfo id="Marce-144a69e" start="1733233463401" dump="1733233468428"/><package name="es/ull/passengers"><class name="es/ull/passengers/Passenger" sourcefilename="Passenger.java"><method name="&lt;init&gt;" desc="(Ljava/lang/String;Ljava/lang/String;Ljava/lang/String;)V" line="37"><counter type="INSTRUCTION" missed="0" covered="22"/><counter type="BRANCH" missed="0" covered="2"/><counter type="LINE" missed="0" covered="7"/><counter type="COMPLEXITY" missed="0" covered="2"/><counter type="METHOD" missed="0" covered="1"/></method><method name="getIdentifier" desc="()Ljava/lang/String;" line="48"><counter type="INSTRUCTION" missed="0" covered="3"/><counter type="LINE" missed="0" covered="1"/><counter type="COMPLEXITY" missed="0" covered="1"/><counter type="METHOD" missed="0" covered="1"/></method><method name="getName" desc="()Ljava/lang/String;" line="52"><counter type="INSTRUCTION" missed="0" covered="3"/><counter type="LINE" missed="0" covered="1"/><counter type="COMPLEXITY" missed="0" covered="1"/><counter type="METHOD" missed="0" covered="1"/></method><method name="getCountryCode" desc="()Ljava/lang/String;" line="56"><counter type="INSTRUCTION" missed="0" covered="3"/><counter type="LINE" missed="0" covered="1"/><counter type="COMPLEXITY" missed="0" covered="1"/><counter type="METHOD" missed="0" covered="1"/></method><method name="getFlight" desc="()Les/ull/flights/Flight;" line="60"><counter type="INSTRUCTION" missed="0" covered="3"/><counter type="LINE" missed="0" covered="1"/><counter type="COMPLEXITY" missed="0" covered="1"/><counter type="METHOD" missed="0" covered="1"/></method><method name="joinFlight" desc="(Les/ull/flights/Flight;)V" line="64"><counter type="INSTRUCTION" missed="10" covered="21"/><counter type="BRANCH" missed="3" covered="5"/><counter type="LINE" missed="2" covered="7"/><counter type="COMPLEXITY" missed="3" covered="2"/><counter type="METHOD" missed="0" covered="1"/></method><method name="setFlight" desc="(Les/ull/flights/Flight;)V" line="79"><counter type="INSTRUCTION" missed="0" covered="4"/><counter type="LINE" missed="0" covered="2"/><counter type="COMPLEXITY" missed="0" covered="1"/><counter type="METHOD" missed="0" covered="1"/></method><method name="toString" desc="()Ljava/lang/String;" line="84"><counter type="INSTRUCTION" missed="0" covered="20"/><counter type="LINE" missed="0" covered="1"/><counter type="COMPLEXITY" missed="0" covered="1"/><counter type="METHOD" missed="0" covered="1"/></method><counter type="INSTRUCTION" missed="10" covered="79"/><counter type="BRANCH" missed="3" covered="7"/><counter type="LINE" missed="2" covered="21"/><counter type="COMPLEXITY" missed="3" covered="10"/><counter type="METHOD" missed="0" covered="8"/><counter type="CLASS" missed="0" covered="1"/></class><sourcefile name="Passenger.java"><line nr="37" mi="0" ci="2" mb="0" cb="0"/><line nr="38" mi="0" ci="5" mb="0" cb="2"/><line nr="39" mi="0" ci="5" mb="0" cb="0"/><line nr="42" mi="0" ci="3" mb="0" cb="0"/><line nr="43" mi="0" ci="3" mb="0" cb="0"/><line nr="44" mi="0" ci="3" mb="0" cb="0"/><line nr="45" mi="0" ci="1" mb="0" cb="0"/><line nr="48" mi="0" ci="3" mb="0" cb="0"/><line nr="52" mi="0" ci="3" mb="0" cb="0"/><line nr="56" mi="0" ci="3" mb="0" cb="0"/><line nr="60" mi="0" ci="3" mb="0" cb="0"/><line nr="64" mi="0" ci="3" mb="0" cb="0"/><line nr="65" mi="0" ci="3" mb="0" cb="2"/><line nr="66" mi="0" ci="4" mb="1" cb="1"/><line nr="67" mi="5" ci="0" mb="0" cb="0"/><line nr="70" mi="0" ci="3" mb="0" cb="0"/><line nr="71" mi="0" ci="3" mb="1" cb="1"/><line nr="72" mi="0" ci="4" mb="1" cb="1"/><line nr="73" mi="5" ci="0" mb="0" cb="0"/><line nr="76" mi="0" ci="1" mb="0" cb="0"/><line nr="79" mi="0" ci="3" mb="0" cb="0"/><line nr="80" mi="0" ci="1" mb="0" cb="0"/><line nr="84" mi="0" ci="20" mb="0" cb="0"/><counter type="INSTRUCTION" missed="10" covered="79"/><counter type="BRANCH" missed="3" covered="7"/><counter type="LINE" missed="2" covered="21"/><counter type="COMPLEXITY" missed="3" covered="10"/><counter type="METHOD" missed="0" covered="8"/><counter type="CLASS" missed="0" covered="1"/></sourcefile><counter type="INSTRUCTION" missed="10" covered="79"/><counter type="BRANCH" missed="3" covered="7"/><counter type="LINE" missed="2" covered="21"/><counter type="COMPLEXITY" missed="3" covered="10"/><counter type="METHOD" missed="0" covered="8"/><counter type="CLASS" missed="0" covered="1"/></package><package name="es/ull/flights"><class name="es/ull/flights/Flight" sourcefilename="Flight.java"><method name="&lt;init&gt;" desc="(Ljava/lang/String;I)V" line="34"><counter type="INSTRUCTION" missed="5" covered="21"/><counter type="BRANCH" missed="1" covered="1"/><counter type="LINE" missed="1" covered="7"/><counter type="COMPLEXITY" missed="1" covered="1"/><counter type="METHOD" missed="0" covered="1"/></method><method name="getFlightNumber" desc="()Ljava/lang/String;" line="63"><counter type="INSTRUCTION" missed="0" covered="3"/><counter type="LINE" missed="0" covered="1"/><counter type="COMPLEXITY" missed="0" covered="1"/><counter type="METHOD" missed="0" covered="1"/></method><method name="getNumberOfPassengers" desc="()I" line="72"><counter type="INSTRUCTION" missed="0" covered="4"/><counter type="LINE" missed="0" covered="1"/><counter type="COMPLEXITY" missed="0" covered="1"/><counter type="METHOD" missed="0" covered="1"/></method><method name="addPassenger" desc="(Les/ull/passengers/Passenger;)Z" line="86"><counter type="INSTRUCTION" missed="0" covered="26"/><counter type="BRANCH" missed="0" covered="2"/><counter type="LINE" missed="0" covered="4"/><counter type="COMPLEXITY" missed="0" covered="2"/><counter type="METHOD" missed="0" covered="1"/></method><method name="removePassenger" desc="(Les/ull/passengers/Passenger;)Z" line="103"><counter type="INSTRUCTION" missed="0" covered="8"/><counter type="LINE" missed="0" covered="2"/><counter type="COMPLEXITY" missed="0" covered="1"/><counter type="METHOD" missed="0" covered="1"/></method><method name="&lt;clinit&gt;" desc="()V" line="36"><counter type="INSTRUCTION" missed="0" covered="6"/><counter type="LINE" missed="0" covered="2"/><counter type="COMPLEXITY" missed="0" covered="1"/><counter type="METHOD" missed="0" covered="1"/></method><counter type="INSTRUCTION" missed="5" covered="68"/><counter type="BRANCH" missed="1" covered="3"/><counter type="LINE" missed="1" covered="17"/><counter type="COMPLEXITY" missed="1" covered="7"/><counter type="METHOD" missed="0" covered="6"/><counter type="CLASS" missed="0" covered="1"/></class><sourcefile name="Flight.java"><line nr="34" mi="0" ci="5" mb="0" cb="0"/><line nr="36" mi="0" ci="2" mb="0" cb="0"/><line nr="37" mi="0" ci="4" mb="0" cb="0"/><line nr="48" mi="0" ci="2" mb="0" cb="0"/><line nr="49" mi="0" ci="4" mb="0" cb="0"/><line nr="50" mi="0" ci="3" mb="1" cb="1"/><line nr="51" mi="5" ci="0" mb="0" cb="0"/><line nr="53" mi="0" ci="3" mb="0" cb="0"/><line nr="54" mi="0" ci="3" mb="0" cb="0"/><line nr="55" mi="0" ci="1" mb="0" cb="0"/><line nr="63" mi="0" ci="3" mb="0" cb="0"/><line nr="72" mi="0" ci="4" mb="0" cb="0"/><line nr="86" mi="0" ci="5" mb="0" cb="2"/><line nr="87" mi="0" ci="13" mb="0" cb="0"/><line nr="89" mi="0" ci="3" mb="0" cb="0"/><line nr="90" mi="0" ci="5" mb="0" cb="0"/><line nr="103" mi="0" ci="3" mb="0" cb="0"/><line nr="104" mi="0" ci="5" mb="0" cb="0"/><counter type="INSTRUCTION" missed="5" covered="68"/><counter type="BRANCH" missed="1" covered="3"/><counter type="LINE" missed="1" covered="17"/><counter type="COMPLEXITY" missed="1" covered="7"/><counter type="METHOD" missed="0" covered="6"/><counter type="CLASS" missed="0" covered="1"/></sourcefile><counter type="INSTRUCTION" missed="5" covered="68"/><counter type="BRANCH" missed="1" covered="3"/><counter type="LINE" missed="1" covered="17"/><counter type="COMPLEXITY" missed="1" covered="7"/><counter type="METHOD" missed="0" covered="6"/><counter type="CLASS" missed="0" covered="1"/></package><counter type="INSTRUCTION" missed="15" covered="147"/><counter type="BRANCH" missed="4" covered="10"/><counter type="LINE" missed="3" covered="38"/><counter type="COMPLEXITY" missed="4" covered="17"/><counter type="METHOD" missed="0" covered="14"/><counter type="CLASS" missed="0" covered="2"/></report>