<?xml version="1.0" encoding="UTF-8"?>
<!-- Generated by org.testng.reporters.JUnitXMLReporter -->
<testsuite ignored="0" hostname="Marce" failures="0" tests="6" name="Surefire test" time="0.305" errors="0" timestamp="2024-12-03T01:11:51 WET">
  <testcase classname="es.ull.passengers.PassengerTest" name="testGetters" time="0.032"/>
  <testcase classname="es.ull.passengers.PassengerTest" name="testInvalidCountryCode" time="0.005"/>
  <testcase classname="es.ull.passengers.PassengerTest" name="testJoinFlight" time="0.002"/>
  <testcase classname="es.ull.passengers.PassengerTest" name="testJoinFlightFails" time="0.002"/>
  <testcase classname="es.ull.passengers.PassengerTest" name="testLeavePreviousFlight" time="0.002"/>
  <testcase classname="es.ull.passengers.PassengerTest" name="testToString" time="0.001"/>
</testsuite> <!-- Surefire test -->
