<?xml version="1.0" encoding="UTF-8"?>
<!-- Generated by org.testng.reporters.JUnitXMLReporter -->
<testsuite ignored="0" hostname="Marce" failures="0" tests="9" name="Surefire test" time="0.326" errors="0" timestamp="2024-12-03T15:48:59 WET">
  <testcase classname="es.ull.passengers.PassengerTest" name="testGetters" time="0.043"/>
  <testcase classname="es.ull.passengers.PassengerTest" name="testInvalidCountryCode" time="0.006"/>
  <testcase classname="es.ull.passengers.PassengerTest" name="testJoinFlight" time="0.003"/>
  <testcase classname="es.ull.passengers.PassengerTest" name="testJoinFlightCannotAddPassenger" time="0.003"/>
  <testcase classname="es.ull.passengers.PassengerTest" name="testJoinFlightCannotRemovePassenger" time="0.002"/>
  <testcase classname="es.ull.passengers.PassengerTest" name="testJoinFlightFails" time="0.001"/>
  <testcase classname="es.ull.passengers.PassengerTest" name="testJoinFlightNullFlight" time="0.0"/>
  <testcase classname="es.ull.passengers.PassengerTest" name="testLeavePreviousFlight" time="0.0"/>
  <testcase classname="es.ull.passengers.PassengerTest" name="testToString" time="0.0"/>
</testsuite> <!-- Surefire test -->
