<?xml version="1.0" encoding="UTF-8"?>
<!-- Generated by org.testng.reporters.JUnitXMLReporter -->
<testsuite ignored="0" hostname="Marce" failures="0" tests="6" name="Surefire test" time="0.848" errors="0" timestamp="2024-12-03T13:44:28 WET">
  <testcase classname="es.ull.passengers.PassengerTest" name="testGetters" time="0.03"/>
  <testcase classname="es.ull.passengers.PassengerTest" name="testInvalidCountryCode" time="0.004"/>
  <testcase classname="es.ull.passengers.PassengerTest" name="testJoinFlight" time="0.001"/>
  <testcase classname="es.ull.passengers.PassengerTest" name="testJoinFlightFails" time="0.003"/>
  <testcase classname="es.ull.passengers.PassengerTest" name="testLeavePreviousFlight" time="0.001"/>
  <testcase classname="es.ull.passengers.PassengerTest" name="testToString" time="0.001"/>
</testsuite> <!-- Surefire test -->
