<?xml version="1.0" encoding="UTF-8"?>
<testng-results ignored="0" total="9" passed="9" failed="0" skipped="0">
  <reporter-output>
  </reporter-output>
  <suite started-at="2024-12-03T15:48:59 WET" name="Surefire suite" finished-at="2024-12-03T15:48:59 WET" duration-ms="326">
    <groups>
    </groups>
    <test started-at="2024-12-03T15:48:59 WET" name="Surefire test" finished-at="2024-12-03T15:48:59 WET" duration-ms="326">
      <class name="es.ull.passengers.PassengerTest">
        <test-method signature="testGetters()[pri:0, instance:es.ull.passengers.PassengerTest@1cbf6e72]" started-at="2024-12-03T15:48:59 WET" name="testGetters" finished-at="2024-12-03T15:48:59 WET" duration-ms="43" status="PASS">
          <reporter-output>
          </reporter-output>
        </test-method> <!-- testGetters -->
        <test-method signature="testInvalidCountryCode()[pri:0, instance:es.ull.passengers.PassengerTest@1cbf6e72]" started-at="2024-12-03T15:48:59 WET" name="testInvalidCountryCode" finished-at="2024-12-03T15:48:59 WET" duration-ms="6" status="PASS">
          <reporter-output>
          </reporter-output>
        </test-method> <!-- testInvalidCountryCode -->
        <test-method signature="testJoinFlight()[pri:0, instance:es.ull.passengers.PassengerTest@1cbf6e72]" started-at="2024-12-03T15:48:59 WET" name="testJoinFlight" finished-at="2024-12-03T15:48:59 WET" duration-ms="3" status="PASS">
          <reporter-output>
          </reporter-output>
        </test-method> <!-- testJoinFlight -->
        <test-method signature="testJoinFlightCannotAddPassenger()[pri:0, instance:es.ull.passengers.PassengerTest@1cbf6e72]" started-at="2024-12-03T15:48:59 WET" name="testJoinFlightCannotAddPassenger" finished-at="2024-12-03T15:48:59 WET" duration-ms="3" status="PASS">
          <reporter-output>
          </reporter-output>
        </test-method> <!-- testJoinFlightCannotAddPassenger -->
        <test-method signature="testJoinFlightCannotRemovePassenger()[pri:0, instance:es.ull.passengers.PassengerTest@1cbf6e72]" started-at="2024-12-03T15:48:59 WET" name="testJoinFlightCannotRemovePassenger" finished-at="2024-12-03T15:48:59 WET" duration-ms="2" status="PASS">
          <reporter-output>
          </reporter-output>
        </test-method> <!-- testJoinFlightCannotRemovePassenger -->
        <test-method signature="testJoinFlightFails()[pri:0, instance:es.ull.passengers.PassengerTest@1cbf6e72]" started-at="2024-12-03T15:48:59 WET" name="testJoinFlightFails" finished-at="2024-12-03T15:48:59 WET" duration-ms="1" status="PASS">
          <reporter-output>
          </reporter-output>
        </test-method> <!-- testJoinFlightFails -->
        <test-method signature="testJoinFlightNullFlight()[pri:0, instance:es.ull.passengers.PassengerTest@1cbf6e72]" started-at="2024-12-03T15:48:59 WET" name="testJoinFlightNullFlight" finished-at="2024-12-03T15:48:59 WET" duration-ms="0" status="PASS">
          <reporter-output>
          </reporter-output>
        </test-method> <!-- testJoinFlightNullFlight -->
        <test-method signature="testLeavePreviousFlight()[pri:0, instance:es.ull.passengers.PassengerTest@1cbf6e72]" started-at="2024-12-03T15:48:59 WET" name="testLeavePreviousFlight" finished-at="2024-12-03T15:48:59 WET" duration-ms="0" status="PASS">
          <reporter-output>
          </reporter-output>
        </test-method> <!-- testLeavePreviousFlight -->
        <test-method signature="testToString()[pri:0, instance:es.ull.passengers.PassengerTest@1cbf6e72]" started-at="2024-12-03T15:48:59 WET" name="testToString" finished-at="2024-12-03T15:48:59 WET" duration-ms="0" status="PASS">
          <reporter-output>
          </reporter-output>
        </test-method> <!-- testToString -->
      </class> <!-- es.ull.passengers.PassengerTest -->
    </test> <!-- Surefire test -->
  </suite> <!-- Surefire suite -->
</testng-results>
