<?xml version="1.0" encoding="UTF-8"?>
<testsuite xmlns:xsi="http://www.w3.org/2001/XMLSchema-instance" xsi:noNamespaceSchemaLocation="https://maven.apache.org/surefire/maven-surefire-plugin/xsd/surefire-test-report.xsd" name="es.ull.passengers.PassengerTest" time="4.588" tests="6" errors="0" skipped="0" failures="0">
  <properties>
[...]
</properties>
  <testcase name="testGetters" classname="es.ull.passengers.PassengerTest" time="0.062"/>
  <testcase name="testInvalidCountryCode" classname="es.ull.passengers.PassengerTest" time="0.011"/>
  <testcase name="testJoinFlight" classname="es.ull.passengers.PassengerTest" time="0.003"/>
  <testcase name="testJoinFlightFails" classname="es.ull.passengers.PassengerTest" time="0.005"/>
  <testcase name="testLeavePreviousFlight" classname="es.ull.passengers.PassengerTest" time="0.001"/>
  <testcase name="testToString" classname="es.ull.passengers.PassengerTest" time="0.001"/>
</testsuite>