<?xml version="1.0" encoding="UTF-8"?>
<testng-results ignored="0" total="6" passed="6" failed="0" skipped="0">
  <reporter-output>
  </reporter-output>
  <suite started-at="2024-12-03T01:57:23 WET" name="Surefire suite" finished-at="2024-12-03T01:57:23 WET" duration-ms="150">
    <groups>
    </groups>
    <test started-at="2024-12-03T01:57:23 WET" name="Surefire test" finished-at="2024-12-03T01:57:23 WET" duration-ms="150">
      <class name="es.ull.passengers.PassengerTest">
        <test-method signature="testGetters()[pri:0, instance:es.ull.passengers.PassengerTest@1e7aa82b]" started-at="2024-12-03T01:57:23 WET" name="testGetters" finished-at="2024-12-03T01:57:23 WET" duration-ms="20" status="PASS">
          <reporter-output>
          </reporter-output>
        </test-method> <!-- testGetters -->
        <test-method signature="testInvalidCountryCode()[pri:0, instance:es.ull.passengers.PassengerTest@1e7aa82b]" started-at="2024-12-03T01:57:23 WET" name="testInvalidCountryCode" finished-at="2024-12-03T01:57:23 WET" duration-ms="4" status="PASS">
          <reporter-output>
          </reporter-output>
        </test-method> <!-- testInvalidCountryCode -->
        <test-method signature="testJoinFlight()[pri:0, instance:es.ull.passengers.PassengerTest@1e7aa82b]" started-at="2024-12-03T01:57:23 WET" name="testJoinFlight" finished-at="2024-12-03T01:57:23 WET" duration-ms="1" status="PASS">
          <reporter-output>
          </reporter-output>
        </test-method> <!-- testJoinFlight -->
        <test-method signature="testJoinFlightFails()[pri:0, instance:es.ull.passengers.PassengerTest@1e7aa82b]" started-at="2024-12-03T01:57:23 WET" name="testJoinFlightFails" finished-at="2024-12-03T01:57:23 WET" duration-ms="3" status="PASS">
          <reporter-output>
          </reporter-output>
        </test-method> <!-- testJoinFlightFails -->
        <test-method signature="testLeavePreviousFlight()[pri:0, instance:es.ull.passengers.PassengerTest@1e7aa82b]" started-at="2024-12-03T01:57:23 WET" name="testLeavePreviousFlight" finished-at="2024-12-03T01:57:23 WET" duration-ms="1" status="PASS">
          <reporter-output>
          </reporter-output>
        </test-method> <!-- testLeavePreviousFlight -->
        <test-method signature="testToString()[pri:0, instance:es.ull.passengers.PassengerTest@1e7aa82b]" started-at="2024-12-03T01:57:23 WET" name="testToString" finished-at="2024-12-03T01:57:23 WET" duration-ms="0" status="PASS">
          <reporter-output>
          </reporter-output>
        </test-method> <!-- testToString -->
      </class> <!-- es.ull.passengers.PassengerTest -->
    </test> <!-- Surefire test -->
  </suite> <!-- Surefire suite -->
</testng-results>
